-------------------------------------------------------------------------------
Test set: com.yeweiyang.token.Test1114ApplicationTests
-------------------------------------------------------------------------------
Tests run: 3, Failures: 0, Errors: 1, Skipped: 0, Time elapsed: 4.035 s <<< FAILURE! - in com.yeweiyang.token.Test1114ApplicationTests
get  Time elapsed: 0.302 s  <<< ERROR!
org.springframework.data.redis.RedisConnectionFailureException: Unable to connect to Redis; nested exception is org.springframework.data.redis.connection.PoolException: Could not get a resource from the pool; nested exception is io.lettuce.core.RedisConnectionException: Unable to connect to 127.0.0.1:6379
	at com.yeweiyang.token.Test1114ApplicationTests.get(Test1114ApplicationTests.java:29)
Caused by: org.springframework.data.redis.connection.PoolException: Could not get a resource from the pool; nested exception is io.lettuce.core.RedisConnectionException: Unable to connect to 127.0.0.1:6379
	at com.yeweiyang.token.Test1114ApplicationTests.get(Test1114ApplicationTests.java:29)
Caused by: io.lettuce.core.RedisConnectionException: Unable to connect to 127.0.0.1:6379
	at com.yeweiyang.token.Test1114ApplicationTests.get(Test1114ApplicationTests.java:29)
Caused by: io.netty.channel.AbstractChannel$AnnotatedConnectException: Connection refused: /127.0.0.1:6379
Caused by: java.net.ConnectException: Connection refused

