<?xml version="1.0" encoding="UTF-8"?>
<testsuite xmlns:xsi="http://www.w3.org/2001/XMLSchema-instance" xsi:noNamespaceSchemaLocation="https://maven.apache.org/surefire/maven-surefire-plugin/xsd/surefire-test-report.xsd" name="com.yeweiyang.token.Test1114ApplicationTests" time="4.035" tests="3" errors="1" skipped="0" failures="0">
  <properties>
[...]
</properties>
  <testcase name="get" classname="com.yeweiyang.token.Test1114ApplicationTests" time="0.302">
    <error message="Unable to connect to Redis; nested exception is org.springframework.data.redis.connection.PoolException: Could not get a resource from the pool; nested exception is io.lettuce.core.RedisConnectionException: Unable to connect to 127.0.0.1:6379" type="org.springframework.data.redis.RedisConnectionFailureException">org.springframework.data.redis.RedisConnectionFailureException: Unable to connect to Redis; nested exception is org.springframework.data.redis.connection.PoolException: Could not get a resource from the pool; nested exception is io.lettuce.core.RedisConnectionException: Unable to connect to 127.0.0.1:6379
	at com.yeweiyang.token.Test1114ApplicationTests.get(Test1114ApplicationTests.java:29)
Caused by: org.springframework.data.redis.connection.PoolException: Could not get a resource from the pool; nested exception is io.lettuce.core.RedisConnectionException: Unable to connect to 127.0.0.1:6379
	at com.yeweiyang.token.Test1114ApplicationTests.get(Test1114ApplicationTests.java:29)
Caused by: io.lettuce.core.RedisConnectionException: Unable to connect to 127.0.0.1:6379
	at com.yeweiyang.token.Test1114ApplicationTests.get(Test1114ApplicationTests.java:29)
Caused by: io.netty.channel.AbstractChannel$AnnotatedConnectException: Connection refused: /127.0.0.1:6379
Caused by: java.net.ConnectException: Connection refused
</error>
    <system-out><![CDATA[17:00:13.532 [main] DEBUG org.springframework.test.context.BootstrapUtils - Instantiating CacheAwareContextLoaderDelegate from class [org.springframework.test.context.cache.DefaultCacheAwareContextLoaderDelegate]
17:00:13.540 [main] DEBUG org.springframework.test.context.BootstrapUtils - Instantiating BootstrapContext using constructor [public org.springframework.test.context.support.DefaultBootstrapContext(java.lang.Class,org.springframework.test.context.CacheAwareContextLoaderDelegate)]
17:00:13.559 [main] DEBUG org.springframework.test.context.BootstrapUtils - Instantiating TestContextBootstrapper for test class [com.yeweiyang.token.Test1114ApplicationTests] from class [org.springframework.boot.test.context.SpringBootTestContextBootstrapper]
17:00:13.573 [main] INFO org.springframework.boot.test.context.SpringBootTestContextBootstrapper - Neither @ContextConfiguration nor @ContextHierarchy found for test class [com.yeweiyang.token.Test1114ApplicationTests], using SpringBootContextLoader
17:00:13.575 [main] DEBUG org.springframework.test.context.support.AbstractContextLoader - Did not detect default resource location for test class [com.yeweiyang.token.Test1114ApplicationTests]: class path resource [com/yeweiyang/token/Test1114ApplicationTests-context.xml] does not exist
17:00:13.575 [main] DEBUG org.springframework.test.context.support.AbstractContextLoader - Did not detect default resource location for test class [com.yeweiyang.token.Test1114ApplicationTests]: class path resource [com/yeweiyang/token/Test1114ApplicationTestsContext.groovy] does not exist
17:00:13.575 [main] INFO org.springframework.test.context.support.AbstractContextLoader - Could not detect default resource locations for test class [com.yeweiyang.token.Test1114ApplicationTests]: no resource found for suffixes {-context.xml, Context.groovy}.
17:00:13.576 [main] INFO org.springframework.test.context.support.AnnotationConfigContextLoaderUtils - Could not detect default configuration classes for test class [com.yeweiyang.token.Test1114ApplicationTests]: Test1114ApplicationTests does not declare any static, non-private, non-final, nested classes annotated with @Configuration.
17:00:13.597 [main] DEBUG org.springframework.test.context.support.ActiveProfilesUtils - Could not find an 'annotation declaring class' for annotation type [org.springframework.test.context.ActiveProfiles] and class [com.yeweiyang.token.Test1114ApplicationTests]
17:00:13.637 [main] DEBUG org.springframework.context.annotation.ClassPathScanningCandidateComponentProvider - Identified candidate component class: file [/Users/jay/Desktop/Java/GitHubProject/saTokenTest/saTokenDemo/target/classes/com/yeweiyang/token/SatokenDemoApplication.class]
17:00:13.638 [main] INFO org.springframework.boot.test.context.SpringBootTestContextBootstrapper - Found @SpringBootConfiguration com.yeweiyang.token.SatokenDemoApplication for test class com.yeweiyang.token.Test1114ApplicationTests
17:00:13.692 [main] DEBUG org.springframework.boot.test.context.SpringBootTestContextBootstrapper - @TestExecutionListeners is not present for class [com.yeweiyang.token.Test1114ApplicationTests]: using defaults.
17:00:13.692 [main] INFO org.springframework.boot.test.context.SpringBootTestContextBootstrapper - Loaded default TestExecutionListener class names from location [META-INF/spring.factories]: [org.springframework.boot.test.mock.mockito.MockitoTestExecutionListener, org.springframework.boot.test.mock.mockito.ResetMocksTestExecutionListener, org.springframework.boot.test.autoconfigure.restdocs.RestDocsTestExecutionListener, org.springframework.boot.test.autoconfigure.web.client.MockRestServiceServerResetTestExecutionListener, org.springframework.boot.test.autoconfigure.web.servlet.MockMvcPrintOnlyOnFailureTestExecutionListener, org.springframework.boot.test.autoconfigure.web.servlet.WebDriverTestExecutionListener, org.springframework.boot.test.autoconfigure.webservices.client.MockWebServiceServerTestExecutionListener, org.springframework.test.context.web.ServletTestExecutionListener, org.springframework.test.context.support.DirtiesContextBeforeModesTestExecutionListener, org.springframework.test.context.support.DependencyInjectionTestExecutionListener, org.springframework.test.context.support.DirtiesContextTestExecutionListener, org.springframework.test.context.transaction.TransactionalTestExecutionListener, org.springframework.test.context.jdbc.SqlScriptsTestExecutionListener, org.springframework.test.context.event.EventPublishingTestExecutionListener]
17:00:13.701 [main] INFO org.springframework.boot.test.context.SpringBootTestContextBootstrapper - Using TestExecutionListeners: [org.springframework.test.context.web.ServletTestExecutionListener@5884a914, org.springframework.test.context.support.DirtiesContextBeforeModesTestExecutionListener@50378a4, org.springframework.boot.test.mock.mockito.MockitoTestExecutionListener@60f00693, org.springframework.boot.test.autoconfigure.SpringBootDependencyInjectionTestExecutionListener@79207381, org.springframework.test.context.support.DirtiesContextTestExecutionListener@491b9b8, org.springframework.test.context.transaction.TransactionalTestExecutionListener@1a4927d6, org.springframework.test.context.jdbc.SqlScriptsTestExecutionListener@7a6d7e92, org.springframework.test.context.event.EventPublishingTestExecutionListener@aba625, org.springframework.boot.test.mock.mockito.ResetMocksTestExecutionListener@97e93f1, org.springframework.boot.test.autoconfigure.restdocs.RestDocsTestExecutionListener@5a5a729f, org.springframework.boot.test.autoconfigure.web.client.MockRestServiceServerResetTestExecutionListener@4b520ea8, org.springframework.boot.test.autoconfigure.web.servlet.MockMvcPrintOnlyOnFailureTestExecutionListener@16150369, org.springframework.boot.test.autoconfigure.web.servlet.WebDriverTestExecutionListener@6b09fb41, org.springframework.boot.test.autoconfigure.webservices.client.MockWebServiceServerTestExecutionListener@624ea235]
17:00:13.702 [main] DEBUG org.springframework.test.context.support.AbstractDirtiesContextTestExecutionListener - Before test class: context [DefaultTestContext@4f0f2942 testClass = Test1114ApplicationTests, testInstance = [null], testMethod = [null], testException = [null], mergedContextConfiguration = [WebMergedContextConfiguration@2657d4dd testClass = Test1114ApplicationTests, locations = '{}', classes = '{class com.yeweiyang.token.SatokenDemoApplication}', contextInitializerClasses = '[]', activeProfiles = '{}', propertySourceLocations = '{}', propertySourceProperties = '{org.springframework.boot.test.context.SpringBootTestContextBootstrapper=true}', contextCustomizers = set[org.springframework.boot.test.context.filter.ExcludeFilterContextCustomizer@1d9b7cce, org.springframework.boot.test.json.DuplicateJsonObjectContextCustomizerFactory$DuplicateJsonObjectContextCustomizer@14dd9eb7, org.springframework.boot.test.mock.mockito.MockitoContextCustomizer@0, org.springframework.boot.test.web.client.TestRestTemplateContextCustomizer@1fa268de, org.springframework.boot.test.autoconfigure.actuate.metrics.MetricsExportContextCustomizerFactory$DisableMetricExportContextCustomizer@4fb0f2b9, org.springframework.boot.test.autoconfigure.properties.PropertyMappingContextCustomizer@0, org.springframework.boot.test.autoconfigure.web.servlet.WebDriverContextCustomizerFactory$Customizer@72d1ad2e, org.springframework.boot.test.context.SpringBootTestArgs@1, org.springframework.boot.test.context.SpringBootTestWebEnvironment@51565ec2], resourceBasePath = 'src/main/webapp', contextLoader = 'org.springframework.boot.test.context.SpringBootContextLoader', parent = [null]], attributes = map['org.springframework.test.context.web.ServletTestExecutionListener.activateListener' -> true]], class annotated with @DirtiesContext [false] with mode [null].
17:00:13.719 [main] DEBUG org.springframework.test.context.support.TestPropertySourceUtils - Adding inlined properties to environment: {spring.jmx.enabled=false, org.springframework.boot.test.context.SpringBootTestContextBootstrapper=true}

  .   ____          _            __ _ _
 /\\ / ___'_ __ _ _(_)_ __  __ _ \ \ \ \
( ( )\___ | '_ | '_| | '_ \/ _` | \ \ \ \
 \\/  ___)| |_)| | | | | || (_| |  ) ) ) )
  '  |____| .__|_| |_|_| |_\__, | / / / /
 =========|_|==============|___/=/_/_/_/
 :: Spring Boot ::                (v2.4.1)

2023-05-18 17:00:13.876  INFO 94121 --- [           main] c.y.token.Test1114ApplicationTests       : Starting Test1114ApplicationTests using Java 1.8.0_312 on musideMacBook-Pro.local with PID 94121 (started by jay in /Users/jay/Desktop/Java/GitHubProject/saTokenTest/saTokenDemo)
2023-05-18 17:00:13.876  INFO 94121 --- [           main] c.y.token.Test1114ApplicationTests       : The following profiles are active: dev
2023-05-18 17:00:14.370  WARN 94121 --- [           main] o.m.s.mapper.ClassPathMapperScanner      : No MyBatis mapper was found in '[com.shanghai.test1114.mapper]' package. Please check your configuration.
2023-05-18 17:00:14.516  INFO 94121 --- [           main] .s.d.r.c.RepositoryConfigurationDelegate : Multiple Spring Data modules found, entering strict repository configuration mode!
2023-05-18 17:00:14.519  INFO 94121 --- [           main] .s.d.r.c.RepositoryConfigurationDelegate : Bootstrapping Spring Data Redis repositories in DEFAULT mode.
2023-05-18 17:00:14.534  INFO 94121 --- [           main] .s.d.r.c.RepositoryConfigurationDelegate : Finished Spring Data repository scanning in 7 ms. Found 0 Redis repository interfaces.
Logging initialized using 'class org.apache.ibatis.logging.stdout.StdOutImpl' adapter.
2023-05-18 17:00:15.163  INFO 94121 --- [           main] com.zaxxer.hikari.HikariDataSource       : HikariPool-1 - Starting...
2023-05-18 17:00:15.380  INFO 94121 --- [           main] com.zaxxer.hikari.HikariDataSource       : HikariPool-1 - Start completed.
Parsed mapper file: 'file [/Users/jay/Desktop/Java/GitHubProject/saTokenTest/saTokenDemo/target/classes/mapper/JayMapper.xml]'
 _ _   |_  _ _|_. ___ _ |    _ 
| | |\/|_)(_| | |_\  |_)||_|_\ 
     /               |         
                        3.1.1 
2023-05-18 17:00:15.836  INFO 94121 --- [           main] com.yeweiyang.token.config.RedisCache    : 开启Redis缓存: id = com.yeweiyang.token.mapper.RoleMapper
Warn: Could not find @TableId in Class: com.yeweiyang.token.pojo.saToken.UsersRoles.
Warn: Could not find @TableId in Class: com.yeweiyang.token.pojo.saToken.RolePermissionKey.
Warn: Could not find @TableId in Class: com.yeweiyang.token.pojo.saToken.UserPermissionKey.
2023-05-18 17:00:16.466  INFO 94121 --- [           main] pertySourcedRequestMappingHandlerMapping : Mapped URL path [/v2/api-docs] onto method [springfox.documentation.swagger2.web.Swagger2Controller#getDocumentation(String, HttpServletRequest)]
2023-05-18 17:00:16.663  INFO 94121 --- [           main] o.s.s.concurrent.ThreadPoolTaskExecutor  : Initializing ExecutorService 'applicationTaskExecutor'
____ ____    ___ ____ _  _ ____ _  _ 
[__  |__| __  |  |  | |_/  |___ |\ | 
___] |  |     |  |__| | \_ |___ | \| 
DevDoc：http://sa-token.dev33.cn (v1.28.0)
GitHub：https://github.com/dromara/sa-token
2023-05-18 17:00:16.964  INFO 94121 --- [           main] o.s.s.c.ThreadPoolTaskScheduler          : Initializing ExecutorService 'taskScheduler'
2023-05-18 17:00:17.003  INFO 94121 --- [           main] d.s.w.p.DocumentationPluginsBootstrapper : Context refreshed
2023-05-18 17:00:17.012  INFO 94121 --- [           main] d.s.w.p.DocumentationPluginsBootstrapper : Found 1 custom documentation plugin(s)
2023-05-18 17:00:17.034  INFO 94121 --- [           main] s.d.s.w.s.ApiListingReferenceScanner     : Scanning for api listing references
2023-05-18 17:00:17.116  INFO 94121 --- [           main] .d.s.w.r.o.CachingOperationNameGenerator : Generating unique operation named: pollExecutorUsingPOST_1
2023-05-18 17:00:17.209  INFO 94121 --- [           main] c.y.token.Test1114ApplicationTests       : Started Test1114ApplicationTests in 3.486 seconds (JVM running for 3.955)
]]></system-out>
  </testcase>
  <testcase name="set" classname="com.yeweiyang.token.Test1114ApplicationTests" time="0.007"/>
  <testcase name="contextLoads" classname="com.yeweiyang.token.Test1114ApplicationTests" time="0.002"/>
</testsuite>